<?xml version="1.0" encoding="UTF-8"?><testsuite name="SmokeTests Report" tests="2" errors="0" failures="0" time="0:00:05.631000"><testcase classname="SmokeTests" name="test_100_Start_Browser" time="1.784"><system-out><![CDATA[
[2020-02-01_15:50:34] TEST_LOG: This function print info into console/jenkins-output and Report.html as well
print info only in Report.html
[2020-02-01_15:50:35] TEST_LOG: Maximize Browser
]]></system-out><success type="test_100_Start_Browser"><![CDATA[test_100_Start_Browser (__main__.SmokeTests)]]></success></testcase><testcase classname="SmokeTests" name="test_200_Check_Stop_Button" time="3.838"><system-out><![CDATA[
[2020-02-01_15:50:35] TEST_LOG: XXXXXXXXX Test 222 started XXXXXXXXX
]]></system-out><success type="test_200_Check_Stop_Button"><![CDATA[test_200_Check_Stop_Button (__main__.SmokeTests)]]></success></testcase><system-out><![CDATA[]]></system-out><system-err><![CDATA[]]></system-err></testsuite>